[debug] [2026-01-30T19:04:52.587Z] > command requires scopes: ["email","openid","https://www.googleapis.com/auth/cloudplatformprojects.readonly","https://www.googleapis.com/auth/firebase","https://www.googleapis.com/auth/cloud-platform"]
[debug] [2026-01-30T19:04:52.609Z] > authorizing via signed-in user (robu.i.darius@gmail.com)
[debug] [2026-01-30T19:04:52.684Z] > command requires scopes: ["email","openid","https://www.googleapis.com/auth/cloudplatformprojects.readonly","https://www.googleapis.com/auth/firebase","https://www.googleapis.com/auth/cloud-platform"]
[debug] [2026-01-30T19:04:52.684Z] > authorizing via signed-in user (robu.i.darius@gmail.com)
[debug] [2026-01-30T19:04:52.748Z] Checked if tokens are valid: false, expires at: 1769778275309
[debug] [2026-01-30T19:04:52.749Z] Checked if tokens are valid: false, expires at: 1769778275309
[debug] [2026-01-30T19:04:52.750Z] > refreshing access token with scopes: []
[debug] [2026-01-30T19:04:52.751Z] >>> [apiv2][query] POST https://www.googleapis.com/oauth2/v3/token [none]
[debug] [2026-01-30T19:04:52.751Z] >>> [apiv2][body] POST https://www.googleapis.com/oauth2/v3/token [omitted]
[debug] [2026-01-30T19:04:52.831Z] Checked if tokens are valid: false, expires at: 1769778275309
[debug] [2026-01-30T19:04:52.831Z] Checked if tokens are valid: false, expires at: 1769778275309
[debug] [2026-01-30T19:04:52.831Z] > refreshing access token with scopes: []
[debug] [2026-01-30T19:04:52.832Z] >>> [apiv2][query] POST https://www.googleapis.com/oauth2/v3/token [none]
[debug] [2026-01-30T19:04:52.833Z] >>> [apiv2][body] POST https://www.googleapis.com/oauth2/v3/token [omitted]
[debug] [2026-01-30T19:04:52.991Z] <<< [apiv2][status] POST https://www.googleapis.com/oauth2/v3/token 200
[debug] [2026-01-30T19:04:52.991Z] <<< [apiv2][body] POST https://www.googleapis.com/oauth2/v3/token [omitted]
[debug] [2026-01-30T19:04:53.016Z] >>> [apiv2][query] GET https://serviceusage.googleapis.com/v1/projects//services/firebaseappdistribution.googleapis.com [none]
[debug] [2026-01-30T19:04:53.016Z] >>> [apiv2][(partial)header] GET https://serviceusage.googleapis.com/v1/projects//services/firebaseappdistribution.googleapis.com  x-goog-user-project=
[debug] [2026-01-30T19:04:53.018Z] <<< [apiv2][status] POST https://www.googleapis.com/oauth2/v3/token 200
[debug] [2026-01-30T19:04:53.018Z] <<< [apiv2][body] POST https://www.googleapis.com/oauth2/v3/token [omitted]
[debug] [2026-01-30T19:04:53.032Z] >>> [apiv2][query] GET https://serviceusage.googleapis.com/v1/projects//services/firebaseappdistribution.googleapis.com [none]
[debug] [2026-01-30T19:04:53.032Z] >>> [apiv2][(partial)header] GET https://serviceusage.googleapis.com/v1/projects//services/firebaseappdistribution.googleapis.com  x-goog-user-project=
[debug] [2026-01-30T19:04:53.883Z] <<< [apiv2][status] GET https://serviceusage.googleapis.com/v1/projects//services/firebaseappdistribution.googleapis.com 400
[debug] [2026-01-30T19:04:53.883Z] <<< [apiv2][body] GET https://serviceusage.googleapis.com/v1/projects//services/firebaseappdistribution.googleapis.com [omitted]
[debug] [2026-01-30T19:04:53.885Z] > command requires scopes: ["email","openid","https://www.googleapis.com/auth/cloudplatformprojects.readonly","https://www.googleapis.com/auth/firebase","https://www.googleapis.com/auth/cloud-platform"]
[debug] [2026-01-30T19:04:53.885Z] > authorizing via signed-in user (robu.i.darius@gmail.com)
[debug] [2026-01-30T19:04:53.885Z] > command requires scopes: ["email","openid","https://www.googleapis.com/auth/cloudplatformprojects.readonly","https://www.googleapis.com/auth/firebase","https://www.googleapis.com/auth/cloud-platform"]
[debug] [2026-01-30T19:04:53.886Z] > authorizing via signed-in user (robu.i.darius@gmail.com)
[debug] [2026-01-30T19:04:53.889Z] > command requires scopes: ["email","openid","https://www.googleapis.com/auth/cloudplatformprojects.readonly","https://www.googleapis.com/auth/firebase","https://www.googleapis.com/auth/cloud-platform"]
[debug] [2026-01-30T19:04:53.889Z] > authorizing via signed-in user (robu.i.darius@gmail.com)
[debug] [2026-01-30T19:04:53.891Z] > command requires scopes: ["email","openid","https://www.googleapis.com/auth/cloudplatformprojects.readonly","https://www.googleapis.com/auth/firebase","https://www.googleapis.com/auth/cloud-platform"]
[debug] [2026-01-30T19:04:53.891Z] > authorizing via signed-in user (robu.i.darius@gmail.com)
[debug] [2026-01-30T19:04:53.893Z] <<< [apiv2][status] GET https://serviceusage.googleapis.com/v1/projects//services/firebaseappdistribution.googleapis.com 400
[debug] [2026-01-30T19:04:53.893Z] <<< [apiv2][body] GET https://serviceusage.googleapis.com/v1/projects//services/firebaseappdistribution.googleapis.com [omitted]
[debug] [2026-01-30T19:15:26.915Z] > command requires scopes: ["email","openid","https://www.googleapis.com/auth/cloudplatformprojects.readonly","https://www.googleapis.com/auth/firebase","https://www.googleapis.com/auth/cloud-platform"]
[debug] [2026-01-30T19:15:26.918Z] > authorizing via signed-in user (robu.i.darius@gmail.com)
[debug] [2026-01-30T19:15:26.927Z] > command requires scopes: ["email","openid","https://www.googleapis.com/auth/cloudplatformprojects.readonly","https://www.googleapis.com/auth/firebase","https://www.googleapis.com/auth/cloud-platform"]
[debug] [2026-01-30T19:15:26.927Z] > authorizing via signed-in user (robu.i.darius@gmail.com)
[debug] [2026-01-30T19:15:26.939Z] Checked if tokens are valid: true, expires at: 1769803492018
[debug] [2026-01-30T19:15:26.939Z] Checked if tokens are valid: true, expires at: 1769803492018
[debug] [2026-01-30T19:15:26.939Z] >>> [apiv2][query] GET https://serviceusage.googleapis.com/v1/projects//services/firebaseappdistribution.googleapis.com [none]
[debug] [2026-01-30T19:15:26.939Z] >>> [apiv2][(partial)header] GET https://serviceusage.googleapis.com/v1/projects//services/firebaseappdistribution.googleapis.com  x-goog-user-project=
[debug] [2026-01-30T19:15:26.953Z] Checked if tokens are valid: true, expires at: 1769803492018
[debug] [2026-01-30T19:15:26.954Z] Checked if tokens are valid: true, expires at: 1769803492018
[debug] [2026-01-30T19:15:26.954Z] >>> [apiv2][query] GET https://serviceusage.googleapis.com/v1/projects//services/firebaseappdistribution.googleapis.com [none]
[debug] [2026-01-30T19:15:26.954Z] >>> [apiv2][(partial)header] GET https://serviceusage.googleapis.com/v1/projects//services/firebaseappdistribution.googleapis.com  x-goog-user-project=
[debug] [2026-01-30T19:15:27.754Z] <<< [apiv2][status] GET https://serviceusage.googleapis.com/v1/projects//services/firebaseappdistribution.googleapis.com 400
[debug] [2026-01-30T19:15:27.754Z] <<< [apiv2][body] GET https://serviceusage.googleapis.com/v1/projects//services/firebaseappdistribution.googleapis.com [omitted]
[debug] [2026-01-30T19:15:27.756Z] > command requires scopes: ["email","openid","https://www.googleapis.com/auth/cloudplatformprojects.readonly","https://www.googleapis.com/auth/firebase","https://www.googleapis.com/auth/cloud-platform"]
[debug] [2026-01-30T19:15:27.756Z] > authorizing via signed-in user (robu.i.darius@gmail.com)
[debug] [2026-01-30T19:15:27.756Z] > command requires scopes: ["email","openid","https://www.googleapis.com/auth/cloudplatformprojects.readonly","https://www.googleapis.com/auth/firebase","https://www.googleapis.com/auth/cloud-platform"]
[debug] [2026-01-30T19:15:27.756Z] > authorizing via signed-in user (robu.i.darius@gmail.com)
[debug] [2026-01-30T19:15:27.759Z] > command requires scopes: ["email","openid","https://www.googleapis.com/auth/cloudplatformprojects.readonly","https://www.googleapis.com/auth/firebase","https://www.googleapis.com/auth/cloud-platform"]
[debug] [2026-01-30T19:15:27.759Z] > authorizing via signed-in user (robu.i.darius@gmail.com)
[debug] [2026-01-30T19:15:27.759Z] > command requires scopes: ["email","openid","https://www.googleapis.com/auth/cloudplatformprojects.readonly","https://www.googleapis.com/auth/firebase","https://www.googleapis.com/auth/cloud-platform"]
[debug] [2026-01-30T19:15:27.759Z] > authorizing via signed-in user (robu.i.darius@gmail.com)
[debug] [2026-01-30T19:15:27.760Z] <<< [apiv2][status] GET https://serviceusage.googleapis.com/v1/projects//services/firebaseappdistribution.googleapis.com 400
[debug] [2026-01-30T19:15:27.760Z] <<< [apiv2][body] GET https://serviceusage.googleapis.com/v1/projects//services/firebaseappdistribution.googleapis.com [omitted]
[debug] [2026-01-31T19:58:51.396Z] > command requires scopes: ["email","openid","https://www.googleapis.com/auth/cloudplatformprojects.readonly","https://www.googleapis.com/auth/firebase","https://www.googleapis.com/auth/cloud-platform"]
[debug] [2026-01-31T19:58:51.399Z] > authorizing via signed-in user (robu.i.darius@gmail.com)
[debug] [2026-01-31T19:58:51.405Z] > command requires scopes: ["email","openid","https://www.googleapis.com/auth/cloudplatformprojects.readonly","https://www.googleapis.com/auth/firebase","https://www.googleapis.com/auth/cloud-platform"]
[debug] [2026-01-31T19:58:51.405Z] > authorizing via signed-in user (robu.i.darius@gmail.com)
[debug] [2026-01-31T19:58:51.426Z] Checked if tokens are valid: true, expires at: 1769893036704
[debug] [2026-01-31T19:58:51.426Z] Checked if tokens are valid: true, expires at: 1769893036704
[debug] [2026-01-31T19:58:51.427Z] >>> [apiv2][query] GET https://serviceusage.googleapis.com/v1/projects//services/firebaseappdistribution.googleapis.com [none]
[debug] [2026-01-31T19:58:51.427Z] >>> [apiv2][(partial)header] GET https://serviceusage.googleapis.com/v1/projects//services/firebaseappdistribution.googleapis.com  x-goog-user-project=
[debug] [2026-01-31T19:58:51.440Z] Checked if tokens are valid: true, expires at: 1769893036704
[debug] [2026-01-31T19:58:51.440Z] Checked if tokens are valid: true, expires at: 1769893036704
[debug] [2026-01-31T19:58:51.440Z] >>> [apiv2][query] GET https://serviceusage.googleapis.com/v1/projects//services/firebaseappdistribution.googleapis.com [none]
[debug] [2026-01-31T19:58:51.440Z] >>> [apiv2][(partial)header] GET https://serviceusage.googleapis.com/v1/projects//services/firebaseappdistribution.googleapis.com  x-goog-user-project=
[debug] [2026-01-31T19:58:52.305Z] <<< [apiv2][status] GET https://serviceusage.googleapis.com/v1/projects//services/firebaseappdistribution.googleapis.com 400
[debug] [2026-01-31T19:58:52.305Z] <<< [apiv2][body] GET https://serviceusage.googleapis.com/v1/projects//services/firebaseappdistribution.googleapis.com [omitted]
[debug] [2026-01-31T19:58:52.306Z] > command requires scopes: ["email","openid","https://www.googleapis.com/auth/cloudplatformprojects.readonly","https://www.googleapis.com/auth/firebase","https://www.googleapis.com/auth/cloud-platform"]
[debug] [2026-01-31T19:58:52.306Z] > authorizing via signed-in user (robu.i.darius@gmail.com)
[debug] [2026-01-31T19:58:52.307Z] > command requires scopes: ["email","openid","https://www.googleapis.com/auth/cloudplatformprojects.readonly","https://www.googleapis.com/auth/firebase","https://www.googleapis.com/auth/cloud-platform"]
[debug] [2026-01-31T19:58:52.307Z] > authorizing via signed-in user (robu.i.darius@gmail.com)
[debug] [2026-01-31T19:58:52.307Z] <<< [apiv2][status] GET https://serviceusage.googleapis.com/v1/projects//services/firebaseappdistribution.googleapis.com 400
[debug] [2026-01-31T19:58:52.307Z] <<< [apiv2][body] GET https://serviceusage.googleapis.com/v1/projects//services/firebaseappdistribution.googleapis.com [omitted]
[debug] [2026-01-31T19:58:52.308Z] > command requires scopes: ["email","openid","https://www.googleapis.com/auth/cloudplatformprojects.readonly","https://www.googleapis.com/auth/firebase","https://www.googleapis.com/auth/cloud-platform"]
[debug] [2026-01-31T19:58:52.308Z] > authorizing via signed-in user (robu.i.darius@gmail.com)
[debug] [2026-01-31T19:58:52.309Z] > command requires scopes: ["email","openid","https://www.googleapis.com/auth/cloudplatformprojects.readonly","https://www.googleapis.com/auth/firebase","https://www.googleapis.com/auth/cloud-platform"]
[debug] [2026-01-31T19:58:52.309Z] > authorizing via signed-in user (robu.i.darius@gmail.com)
[debug] [2026-01-31T19:59:23.592Z] > command requires scopes: ["email","openid","https://www.googleapis.com/auth/cloudplatformprojects.readonly","https://www.googleapis.com/auth/firebase","https://www.googleapis.com/auth/cloud-platform"]
[debug] [2026-01-31T19:59:23.595Z] > authorizing via signed-in user (robu.i.darius@gmail.com)
[debug] [2026-01-31T19:59:23.603Z] > command requires scopes: ["email","openid","https://www.googleapis.com/auth/cloudplatformprojects.readonly","https://www.googleapis.com/auth/firebase","https://www.googleapis.com/auth/cloud-platform"]
[debug] [2026-01-31T19:59:23.603Z] > authorizing via signed-in user (robu.i.darius@gmail.com)
[debug] [2026-01-31T19:59:23.633Z] Checked if tokens are valid: true, expires at: 1769893036704
[debug] [2026-01-31T19:59:23.633Z] Checked if tokens are valid: true, expires at: 1769893036704
[debug] [2026-01-31T19:59:23.634Z] >>> [apiv2][query] GET https://serviceusage.googleapis.com/v1/projects//services/firebaseappdistribution.googleapis.com [none]
[debug] [2026-01-31T19:59:23.634Z] >>> [apiv2][(partial)header] GET https://serviceusage.googleapis.com/v1/projects//services/firebaseappdistribution.googleapis.com  x-goog-user-project=
[debug] [2026-01-31T19:59:23.649Z] Checked if tokens are valid: true, expires at: 1769893036704
[debug] [2026-01-31T19:59:23.649Z] Checked if tokens are valid: true, expires at: 1769893036704
[debug] [2026-01-31T19:59:23.649Z] >>> [apiv2][query] GET https://serviceusage.googleapis.com/v1/projects//services/firebaseappdistribution.googleapis.com [none]
[debug] [2026-01-31T19:59:23.650Z] >>> [apiv2][(partial)header] GET https://serviceusage.googleapis.com/v1/projects//services/firebaseappdistribution.googleapis.com  x-goog-user-project=
[debug] [2026-01-31T19:59:24.417Z] <<< [apiv2][status] GET https://serviceusage.googleapis.com/v1/projects//services/firebaseappdistribution.googleapis.com 400
[debug] [2026-01-31T19:59:24.417Z] <<< [apiv2][body] GET https://serviceusage.googleapis.com/v1/projects//services/firebaseappdistribution.googleapis.com [omitted]
[debug] [2026-01-31T19:59:24.421Z] <<< [apiv2][status] GET https://serviceusage.googleapis.com/v1/projects//services/firebaseappdistribution.googleapis.com 400
[debug] [2026-01-31T19:59:24.421Z] <<< [apiv2][body] GET https://serviceusage.googleapis.com/v1/projects//services/firebaseappdistribution.googleapis.com [omitted]
[debug] [2026-01-31T19:59:24.422Z] > command requires scopes: ["email","openid","https://www.googleapis.com/auth/cloudplatformprojects.readonly","https://www.googleapis.com/auth/firebase","https://www.googleapis.com/auth/cloud-platform"]
[debug] [2026-01-31T19:59:24.422Z] > authorizing via signed-in user (robu.i.darius@gmail.com)
[debug] [2026-01-31T19:59:24.422Z] > command requires scopes: ["email","openid","https://www.googleapis.com/auth/cloudplatformprojects.readonly","https://www.googleapis.com/auth/firebase","https://www.googleapis.com/auth/cloud-platform"]
[debug] [2026-01-31T19:59:24.422Z] > authorizing via signed-in user (robu.i.darius@gmail.com)
[debug] [2026-01-31T19:59:24.424Z] > command requires scopes: ["email","openid","https://www.googleapis.com/auth/cloudplatformprojects.readonly","https://www.googleapis.com/auth/firebase","https://www.googleapis.com/auth/cloud-platform"]
[debug] [2026-01-31T19:59:24.424Z] > authorizing via signed-in user (robu.i.darius@gmail.com)
[debug] [2026-01-31T19:59:24.425Z] > command requires scopes: ["email","openid","https://www.googleapis.com/auth/cloudplatformprojects.readonly","https://www.googleapis.com/auth/firebase","https://www.googleapis.com/auth/cloud-platform"]
[debug] [2026-01-31T19:59:24.425Z] > authorizing via signed-in user (robu.i.darius@gmail.com)
[debug] [2026-01-31T20:10:58.091Z] > command requires scopes: ["email","openid","https://www.googleapis.com/auth/cloudplatformprojects.readonly","https://www.googleapis.com/auth/firebase","https://www.googleapis.com/auth/cloud-platform"]
[debug] [2026-01-31T20:10:58.095Z] > authorizing via signed-in user (robu.i.darius@gmail.com)
[debug] [2026-01-31T20:10:58.103Z] > command requires scopes: ["email","openid","https://www.googleapis.com/auth/cloudplatformprojects.readonly","https://www.googleapis.com/auth/firebase","https://www.googleapis.com/auth/cloud-platform"]
[debug] [2026-01-31T20:10:58.103Z] > authorizing via signed-in user (robu.i.darius@gmail.com)
[debug] [2026-01-31T20:10:58.136Z] Checked if tokens are valid: true, expires at: 1769893036704
[debug] [2026-01-31T20:10:58.136Z] Checked if tokens are valid: true, expires at: 1769893036704
[debug] [2026-01-31T20:10:58.137Z] >>> [apiv2][query] GET https://serviceusage.googleapis.com/v1/projects//services/firebaseappdistribution.googleapis.com [none]
[debug] [2026-01-31T20:10:58.137Z] >>> [apiv2][(partial)header] GET https://serviceusage.googleapis.com/v1/projects//services/firebaseappdistribution.googleapis.com  x-goog-user-project=
[debug] [2026-01-31T20:10:58.158Z] Checked if tokens are valid: true, expires at: 1769893036704
[debug] [2026-01-31T20:10:58.158Z] Checked if tokens are valid: true, expires at: 1769893036704
[debug] [2026-01-31T20:10:58.158Z] >>> [apiv2][query] GET https://serviceusage.googleapis.com/v1/projects//services/firebaseappdistribution.googleapis.com [none]
[debug] [2026-01-31T20:10:58.158Z] >>> [apiv2][(partial)header] GET https://serviceusage.googleapis.com/v1/projects//services/firebaseappdistribution.googleapis.com  x-goog-user-project=
[debug] [2026-01-31T20:10:58.979Z] <<< [apiv2][status] GET https://serviceusage.googleapis.com/v1/projects//services/firebaseappdistribution.googleapis.com 400
[debug] [2026-01-31T20:10:58.979Z] <<< [apiv2][body] GET https://serviceusage.googleapis.com/v1/projects//services/firebaseappdistribution.googleapis.com [omitted]
[debug] [2026-01-31T20:10:58.981Z] > command requires scopes: ["email","openid","https://www.googleapis.com/auth/cloudplatformprojects.readonly","https://www.googleapis.com/auth/firebase","https://www.googleapis.com/auth/cloud-platform"]
[debug] [2026-01-31T20:10:58.981Z] > authorizing via signed-in user (robu.i.darius@gmail.com)
[debug] [2026-01-31T20:10:58.981Z] > command requires scopes: ["email","openid","https://www.googleapis.com/auth/cloudplatformprojects.readonly","https://www.googleapis.com/auth/firebase","https://www.googleapis.com/auth/cloud-platform"]
[debug] [2026-01-31T20:10:58.981Z] > authorizing via signed-in user (robu.i.darius@gmail.com)
[debug] [2026-01-31T20:10:58.982Z] <<< [apiv2][status] GET https://serviceusage.googleapis.com/v1/projects//services/firebaseappdistribution.googleapis.com 400
[debug] [2026-01-31T20:10:58.982Z] <<< [apiv2][body] GET https://serviceusage.googleapis.com/v1/projects//services/firebaseappdistribution.googleapis.com [omitted]
[debug] [2026-01-31T20:10:58.983Z] > command requires scopes: ["email","openid","https://www.googleapis.com/auth/cloudplatformprojects.readonly","https://www.googleapis.com/auth/firebase","https://www.googleapis.com/auth/cloud-platform"]
[debug] [2026-01-31T20:10:58.983Z] > authorizing via signed-in user (robu.i.darius@gmail.com)
[debug] [2026-01-31T20:10:58.983Z] > command requires scopes: ["email","openid","https://www.googleapis.com/auth/cloudplatformprojects.readonly","https://www.googleapis.com/auth/firebase","https://www.googleapis.com/auth/cloud-platform"]
[debug] [2026-01-31T20:10:58.983Z] > authorizing via signed-in user (robu.i.darius@gmail.com)
[debug] [2026-01-31T20:16:24.288Z] > command requires scopes: ["email","openid","https://www.googleapis.com/auth/cloudplatformprojects.readonly","https://www.googleapis.com/auth/firebase","https://www.googleapis.com/auth/cloud-platform"]
[debug] [2026-01-31T20:16:24.290Z] > authorizing via signed-in user (robu.i.darius@gmail.com)
[debug] [2026-01-31T20:16:24.304Z] > command requires scopes: ["email","openid","https://www.googleapis.com/auth/cloudplatformprojects.readonly","https://www.googleapis.com/auth/firebase","https://www.googleapis.com/auth/cloud-platform"]
[debug] [2026-01-31T20:16:24.304Z] > authorizing via signed-in user (robu.i.darius@gmail.com)
[debug] [2026-01-31T20:16:24.324Z] Checked if tokens are valid: true, expires at: 1769893036704
[debug] [2026-01-31T20:16:24.324Z] Checked if tokens are valid: true, expires at: 1769893036704
[debug] [2026-01-31T20:16:24.325Z] >>> [apiv2][query] GET https://serviceusage.googleapis.com/v1/projects//services/firebaseappdistribution.googleapis.com [none]
[debug] [2026-01-31T20:16:24.325Z] >>> [apiv2][(partial)header] GET https://serviceusage.googleapis.com/v1/projects//services/firebaseappdistribution.googleapis.com  x-goog-user-project=
[debug] [2026-01-31T20:16:24.340Z] Checked if tokens are valid: true, expires at: 1769893036704
[debug] [2026-01-31T20:16:24.340Z] Checked if tokens are valid: true, expires at: 1769893036704
[debug] [2026-01-31T20:16:24.340Z] >>> [apiv2][query] GET https://serviceusage.googleapis.com/v1/projects//services/firebaseappdistribution.googleapis.com [none]
[debug] [2026-01-31T20:16:24.340Z] >>> [apiv2][(partial)header] GET https://serviceusage.googleapis.com/v1/projects//services/firebaseappdistribution.googleapis.com  x-goog-user-project=
[debug] [2026-01-31T20:16:25.120Z] <<< [apiv2][status] GET https://serviceusage.googleapis.com/v1/projects//services/firebaseappdistribution.googleapis.com 400
[debug] [2026-01-31T20:16:25.120Z] <<< [apiv2][body] GET https://serviceusage.googleapis.com/v1/projects//services/firebaseappdistribution.googleapis.com [omitted]
[debug] [2026-01-31T20:16:25.126Z] > command requires scopes: ["email","openid","https://www.googleapis.com/auth/cloudplatformprojects.readonly","https://www.googleapis.com/auth/firebase","https://www.googleapis.com/auth/cloud-platform"]
[debug] [2026-01-31T20:16:25.127Z] > authorizing via signed-in user (robu.i.darius@gmail.com)
[debug] [2026-01-31T20:16:25.129Z] > command requires scopes: ["email","openid","https://www.googleapis.com/auth/cloudplatformprojects.readonly","https://www.googleapis.com/auth/firebase","https://www.googleapis.com/auth/cloud-platform"]
[debug] [2026-01-31T20:16:25.129Z] > authorizing via signed-in user (robu.i.darius@gmail.com)
[debug] [2026-01-31T20:16:25.130Z] <<< [apiv2][status] GET https://serviceusage.googleapis.com/v1/projects//services/firebaseappdistribution.googleapis.com 400
[debug] [2026-01-31T20:16:25.130Z] <<< [apiv2][body] GET https://serviceusage.googleapis.com/v1/projects//services/firebaseappdistribution.googleapis.com [omitted]
[debug] [2026-01-31T20:16:25.133Z] > command requires scopes: ["email","openid","https://www.googleapis.com/auth/cloudplatformprojects.readonly","https://www.googleapis.com/auth/firebase","https://www.googleapis.com/auth/cloud-platform"]
[debug] [2026-01-31T20:16:25.133Z] > authorizing via signed-in user (robu.i.darius@gmail.com)
[debug] [2026-01-31T20:16:25.134Z] > command requires scopes: ["email","openid","https://www.googleapis.com/auth/cloudplatformprojects.readonly","https://www.googleapis.com/auth/firebase","https://www.googleapis.com/auth/cloud-platform"]
[debug] [2026-01-31T20:16:25.134Z] > authorizing via signed-in user (robu.i.darius@gmail.com)
[debug] [2026-02-01T14:53:41.282Z] > command requires scopes: ["email","openid","https://www.googleapis.com/auth/cloudplatformprojects.readonly","https://www.googleapis.com/auth/firebase","https://www.googleapis.com/auth/cloud-platform"]
[debug] [2026-02-01T14:53:41.284Z] > authorizing via signed-in user (robu.i.darius@gmail.com)
[debug] [2026-02-01T14:53:41.298Z] > command requires scopes: ["email","openid","https://www.googleapis.com/auth/cloudplatformprojects.readonly","https://www.googleapis.com/auth/firebase","https://www.googleapis.com/auth/cloud-platform"]
[debug] [2026-02-01T14:53:41.298Z] > authorizing via signed-in user (robu.i.darius@gmail.com)
[debug] [2026-02-01T14:53:41.317Z] Checked if tokens are valid: false, expires at: 1769893036704
[debug] [2026-02-01T14:53:41.318Z] Checked if tokens are valid: false, expires at: 1769893036704
[debug] [2026-02-01T14:53:41.318Z] > refreshing access token with scopes: []
[debug] [2026-02-01T14:53:41.319Z] >>> [apiv2][query] POST https://www.googleapis.com/oauth2/v3/token [none]
[debug] [2026-02-01T14:53:41.319Z] >>> [apiv2][body] POST https://www.googleapis.com/oauth2/v3/token [omitted]
[debug] [2026-02-01T14:53:41.333Z] Checked if tokens are valid: false, expires at: 1769893036704
[debug] [2026-02-01T14:53:41.333Z] Checked if tokens are valid: false, expires at: 1769893036704
[debug] [2026-02-01T14:53:41.333Z] > refreshing access token with scopes: []
[debug] [2026-02-01T14:53:41.333Z] >>> [apiv2][query] POST https://www.googleapis.com/oauth2/v3/token [none]
[debug] [2026-02-01T14:53:41.333Z] >>> [apiv2][body] POST https://www.googleapis.com/oauth2/v3/token [omitted]
[debug] [2026-02-01T14:53:41.454Z] <<< [apiv2][status] POST https://www.googleapis.com/oauth2/v3/token 200
[debug] [2026-02-01T14:53:41.454Z] <<< [apiv2][body] POST https://www.googleapis.com/oauth2/v3/token [omitted]
[debug] [2026-02-01T14:53:41.487Z] >>> [apiv2][query] GET https://serviceusage.googleapis.com/v1/projects//services/firebaseappdistribution.googleapis.com [none]
[debug] [2026-02-01T14:53:41.487Z] >>> [apiv2][(partial)header] GET https://serviceusage.googleapis.com/v1/projects//services/firebaseappdistribution.googleapis.com  x-goog-user-project=
[debug] [2026-02-01T14:53:41.489Z] <<< [apiv2][status] POST https://www.googleapis.com/oauth2/v3/token 200
[debug] [2026-02-01T14:53:41.489Z] <<< [apiv2][body] POST https://www.googleapis.com/oauth2/v3/token [omitted]
[debug] [2026-02-01T14:53:41.507Z] >>> [apiv2][query] GET https://serviceusage.googleapis.com/v1/projects//services/firebaseappdistribution.googleapis.com [none]
[debug] [2026-02-01T14:53:41.507Z] >>> [apiv2][(partial)header] GET https://serviceusage.googleapis.com/v1/projects//services/firebaseappdistribution.googleapis.com  x-goog-user-project=
[debug] [2026-02-01T14:53:42.387Z] <<< [apiv2][status] GET https://serviceusage.googleapis.com/v1/projects//services/firebaseappdistribution.googleapis.com 400
[debug] [2026-02-01T14:53:42.387Z] <<< [apiv2][body] GET https://serviceusage.googleapis.com/v1/projects//services/firebaseappdistribution.googleapis.com [omitted]
[debug] [2026-02-01T14:53:42.389Z] > command requires scopes: ["email","openid","https://www.googleapis.com/auth/cloudplatformprojects.readonly","https://www.googleapis.com/auth/firebase","https://www.googleapis.com/auth/cloud-platform"]
[debug] [2026-02-01T14:53:42.389Z] > authorizing via signed-in user (robu.i.darius@gmail.com)
[debug] [2026-02-01T14:53:42.389Z] > command requires scopes: ["email","openid","https://www.googleapis.com/auth/cloudplatformprojects.readonly","https://www.googleapis.com/auth/firebase","https://www.googleapis.com/auth/cloud-platform"]
[debug] [2026-02-01T14:53:42.389Z] > authorizing via signed-in user (robu.i.darius@gmail.com)
[debug] [2026-02-01T14:53:42.390Z] <<< [apiv2][status] GET https://serviceusage.googleapis.com/v1/projects//services/firebaseappdistribution.googleapis.com 400
[debug] [2026-02-01T14:53:42.390Z] <<< [apiv2][body] GET https://serviceusage.googleapis.com/v1/projects//services/firebaseappdistribution.googleapis.com [omitted]
[debug] [2026-02-01T14:53:42.391Z] > command requires scopes: ["email","openid","https://www.googleapis.com/auth/cloudplatformprojects.readonly","https://www.googleapis.com/auth/firebase","https://www.googleapis.com/auth/cloud-platform"]
[debug] [2026-02-01T14:53:42.391Z] > authorizing via signed-in user (robu.i.darius@gmail.com)
[debug] [2026-02-01T14:53:42.392Z] > command requires scopes: ["email","openid","https://www.googleapis.com/auth/cloudplatformprojects.readonly","https://www.googleapis.com/auth/firebase","https://www.googleapis.com/auth/cloud-platform"]
[debug] [2026-02-01T14:53:42.392Z] > authorizing via signed-in user (robu.i.darius@gmail.com)
